<?xml version="1.0" encoding="UTF-8"?>
<!-- Generated by org.testng.reporters.JUnitReportReporter -->
<testsuite skipped="0" hostname="DESKTOP-NDI32SC" name="TestCase.AmazonLoginTest" tests="2" failures="0" timestamp="19 Jul 2020 10:52:13 GMT" time="6.450" errors="0">
  <testcase name="amazonstart" time="5.554" classname="TestCase.AmazonLoginTest"/>
  <testcase name="clicklogin" time="0.896" classname="TestCase.AmazonLoginTest"/>
</testsuite> <!-- TestCase.AmazonLoginTest -->
